<?xml version="1.0" encoding="UTF-8"?>
<testng-results ignored="0" total="1" passed="1" failed="0" skipped="0">
  <reporter-output>
  </reporter-output>
  <suite started-at="2022-10-20T20:49:31 IST" name="Surefire suite" finished-at="2022-10-20T20:49:47 IST" duration-ms="16711">
    <groups>
    </groups>
    <test started-at="2022-10-20T20:49:31 IST" name="Surefire test" finished-at="2022-10-20T20:49:47 IST" duration-ms="16711">
      <class name="Demo.Test1">
        <test-method is-config="true" signature="setUp()[pri:0, instance:Demo.Test1@2f177a4b]" started-at="2022-10-20T20:49:31 IST" name="setUp" finished-at="2022-10-20T20:49:33 IST" duration-ms="2022" status="PASS">
          <reporter-output>
          </reporter-output>
        </test-method> <!-- setUp -->
        <test-method signature="test1()[pri:0, instance:Demo.Test1@2f177a4b]" started-at="2022-10-20T20:49:33 IST" name="test1" finished-at="2022-10-20T20:49:47 IST" duration-ms="14372" status="PASS">
          <reporter-output>
          </reporter-output>
        </test-method> <!-- test1 -->
        <test-method is-config="true" signature="tearDown()[pri:0, instance:Demo.Test1@2f177a4b]" started-at="2022-10-20T20:49:47 IST" name="tearDown" finished-at="2022-10-20T20:49:47 IST" duration-ms="274" status="PASS">
          <reporter-output>
          </reporter-output>
        </test-method> <!-- tearDown -->
      </class> <!-- Demo.Test1 -->
    </test> <!-- Surefire test -->
  </suite> <!-- Surefire suite -->
</testng-results>
